  [4;36;1mSQL (0.0ms)[0m   [0;1mSET NAMES 'utf8'[0m
  [4;35;1mSQL (3.0ms)[0m   [0mSET SQL_AUTO_IS_NULL=0[0m


Processing ApplicationController#index (for 127.0.0.1 at 2009-04-27 20:42:27) [GET]

ActionController::RoutingError (No route matches "/mission/" with {:method=>:get}):
  -e:2:in `load'
  -e:2

Rendering rescues/layout (not_found)
  [4;36;1mSQL (0.0ms)[0m   [0;1mSET NAMES 'utf8'[0m
  [4;35;1mSQL (0.0ms)[0m   [0mSET SQL_AUTO_IS_NULL=0[0m


Processing MissionController#index (for 127.0.0.1 at 2009-04-27 20:43:06) [GET]
Rendering mission/index
Completed in 50ms (View: 48, DB: 0) | 200 OK [http://localhost/mission/]
  [4;36;1mSQL (0.0ms)[0m   [0;1mSET NAMES 'utf8'[0m
  [4;35;1mSQL (1.0ms)[0m   [0mSET SQL_AUTO_IS_NULL=0[0m


Processing MissionController#index (for 127.0.0.1 at 2009-04-27 20:46:30) [GET]
Rendering mission/index
Completed in 68ms (View: 67, DB: 1) | 200 OK [http://localhost/mission/]
  [4;36;1mSQL (0.0ms)[0m   [0;1mSET NAMES 'utf8'[0m
  [4;35;1mSQL (1.0ms)[0m   [0mSET SQL_AUTO_IS_NULL=0[0m


Processing MissionController#index (for 127.0.0.1 at 2009-04-27 21:01:58) [GET]
Rendering template within layouts/mission
Rendering mission/index
ERROR: compiling _run_erb_app47views47layouts47mission46html46erb RAISED compile error
D:/hig/heroesingreen/app/views/layouts/mission.html.erb:8: syntax error, unexpected ':', expecting ')'
...@output_buffer.concat(( yield: layout).to_s); @output_buffer...
                              ^
Function body:           def _run_erb_app47views47layouts47mission46html46erb(local_assigns)
            old_output_buffer = output_buffer;;@output_buffer = '';  __in_erb_template=true ; @output_buffer.concat "<!DOCTYPE HTML PUBLIC \"-//W3C//DTD HTML 4.01//EN\" \"http://www.w3.org/TR/html4/strict.dtd\">\n"
@output_buffer.concat "<html>\n"
@output_buffer.concat "\t<head>\n"
@output_buffer.concat "\t\t<meta http-equiv=\"Content-Type\" content=\"text/html; charset=iso-8859-1\" />\n"
@output_buffer.concat "\t\t<title>Heroes in Green</title>\n"
@output_buffer.concat "\t</head>\n"
@output_buffer.concat "\t<body>\n"
@output_buffer.concat "\t\t"; @output_buffer.concat(( yield: layout).to_s); @output_buffer.concat "\n"
@output_buffer.concat "\t</body>\n"
@output_buffer.concat "</html>\n"
@output_buffer
          ensure
            self.output_buffer = old_output_buffer
          end
Backtrace: D:/hig/heroesingreen/app/views/layouts/mission.html.erb:14:in `compile!'
D:/Ruby/lib/ruby/gems/1.8/gems/actionpack-2.3.2/lib/action_view/renderable.rb:61:in `compile'
D:/Ruby/lib/ruby/gems/1.8/gems/actionpack-2.3.2/lib/action_view/renderable.rb:28:in `render'
D:/Ruby/lib/ruby/gems/1.8/gems/actionpack-2.3.2/lib/action_view/template.rb:194:in `render_template'
D:/Ruby/lib/ruby/gems/1.8/gems/actionpack-2.3.2/lib/action_view/base.rb:260:in `render'
D:/Ruby/lib/ruby/gems/1.8/gems/actionpack-2.3.2/lib/action_view/base.rb:347:in `_render_with_layout'
D:/Ruby/lib/ruby/gems/1.8/gems/actionpack-2.3.2/lib/action_view/base.rb:257:in `render'
D:/Ruby/lib/ruby/gems/1.8/gems/actionpack-2.3.2/lib/action_controller/base.rb:1241:in `render_for_file'
D:/Ruby/lib/ruby/gems/1.8/gems/actionpack-2.3.2/lib/action_controller/base.rb:937:in `render_without_benchmark'
D:/Ruby/lib/ruby/gems/1.8/gems/actionpack-2.3.2/lib/action_controller/benchmarking.rb:51:in `render'
D:/Ruby/lib/ruby/gems/1.8/gems/activesupport-2.3.2/lib/active_support/core_ext/benchmark.rb:17:in `ms'
D:/Ruby/lib/ruby/gems/1.8/gems/activesupport-2.3.2/lib/active_support/core_ext/benchmark.rb:10:in `realtime'
D:/Ruby/lib/ruby/gems/1.8/gems/activesupport-2.3.2/lib/active_support/core_ext/benchmark.rb:17:in `ms'
D:/Ruby/lib/ruby/gems/1.8/gems/actionpack-2.3.2/lib/action_controller/benchmarking.rb:51:in `render'
D:/Ruby/lib/ruby/gems/1.8/gems/actionpack-2.3.2/lib/action_controller/base.rb:1317:in `default_render'
D:/Ruby/lib/ruby/gems/1.8/gems/actionpack-2.3.2/lib/action_controller/base.rb:1323:in `perform_action_without_filters'
D:/Ruby/lib/ruby/gems/1.8/gems/actionpack-2.3.2/lib/action_controller/filters.rb:617:in `call_filters'
D:/Ruby/lib/ruby/gems/1.8/gems/actionpack-2.3.2/lib/action_controller/filters.rb:610:in `perform_action_without_benchmark'
D:/Ruby/lib/ruby/gems/1.8/gems/actionpack-2.3.2/lib/action_controller/benchmarking.rb:68:in `perform_action_without_rescue'
D:/Ruby/lib/ruby/gems/1.8/gems/activesupport-2.3.2/lib/active_support/core_ext/benchmark.rb:17:in `ms'
D:/Ruby/lib/ruby/gems/1.8/gems/activesupport-2.3.2/lib/active_support/core_ext/benchmark.rb:10:in `realtime'
D:/Ruby/lib/ruby/gems/1.8/gems/activesupport-2.3.2/lib/active_support/core_ext/benchmark.rb:17:in `ms'
D:/Ruby/lib/ruby/gems/1.8/gems/actionpack-2.3.2/lib/action_controller/benchmarking.rb:68:in `perform_action_without_rescue'
D:/Ruby/lib/ruby/gems/1.8/gems/actionpack-2.3.2/lib/action_controller/rescue.rb:160:in `perform_action_without_flash'
D:/Ruby/lib/ruby/gems/1.8/gems/actionpack-2.3.2/lib/action_controller/flash.rb:141:in `perform_action'
D:/Ruby/lib/ruby/gems/1.8/gems/actionpack-2.3.2/lib/action_controller/base.rb:523:in `send'
D:/Ruby/lib/ruby/gems/1.8/gems/actionpack-2.3.2/lib/action_controller/base.rb:523:in `process_without_filters'
D:/Ruby/lib/ruby/gems/1.8/gems/actionpack-2.3.2/lib/action_controller/filters.rb:606:in `process'
D:/Ruby/lib/ruby/gems/1.8/gems/actionpack-2.3.2/lib/action_controller/base.rb:391:in `process'
D:/Ruby/lib/ruby/gems/1.8/gems/actionpack-2.3.2/lib/action_controller/base.rb:386:in `call'
D:/Ruby/lib/ruby/gems/1.8/gems/actionpack-2.3.2/lib/action_controller/routing/route_set.rb:433:in `call'
D:/Ruby/lib/ruby/gems/1.8/gems/actionpack-2.3.2/lib/action_controller/dispatcher.rb:88:in `dispatch'
D:/Ruby/lib/ruby/gems/1.8/gems/actionpack-2.3.2/lib/action_controller/dispatcher.rb:111:in `_call'
D:/Ruby/lib/ruby/gems/1.8/gems/actionpack-2.3.2/lib/action_controller/dispatcher.rb:82:in `initialize'
D:/Ruby/lib/ruby/gems/1.8/gems/activerecord-2.3.2/lib/active_record/query_cache.rb:29:in `call'
D:/Ruby/lib/ruby/gems/1.8/gems/activerecord-2.3.2/lib/active_record/query_cache.rb:29:in `call'
D:/Ruby/lib/ruby/gems/1.8/gems/activerecord-2.3.2/lib/active_record/connection_adapters/abstract/query_cache.rb:34:in `cache'
D:/Ruby/lib/ruby/gems/1.8/gems/activerecord-2.3.2/lib/active_record/query_cache.rb:9:in `cache'
D:/Ruby/lib/ruby/gems/1.8/gems/activerecord-2.3.2/lib/active_record/query_cache.rb:28:in `call'
D:/Ruby/lib/ruby/gems/1.8/gems/activerecord-2.3.2/lib/active_record/connection_adapters/abstract/connection_pool.rb:361:in `call'
D:/Ruby/lib/ruby/gems/1.8/gems/actionpack-2.3.2/lib/action_controller/vendor/rack-1.0/rack/head.rb:9:in `call'
D:/Ruby/lib/ruby/gems/1.8/gems/actionpack-2.3.2/lib/action_controller/vendor/rack-1.0/rack/methodoverride.rb:24:in `call'
D:/Ruby/lib/ruby/gems/1.8/gems/actionpack-2.3.2/lib/action_controller/params_parser.rb:15:in `call'
D:/Ruby/lib/ruby/gems/1.8/gems/actionpack-2.3.2/lib/action_controller/rewindable_input.rb:25:in `call'
D:/Ruby/lib/ruby/gems/1.8/gems/actionpack-2.3.2/lib/action_controller/session/cookie_store.rb:93:in `call'
D:/Ruby/lib/ruby/gems/1.8/gems/actionpack-2.3.2/lib/action_controller/reloader.rb:9:in `call'
D:/Ruby/lib/ruby/gems/1.8/gems/actionpack-2.3.2/lib/action_controller/failsafe.rb:11:in `call'
D:/Ruby/lib/ruby/gems/1.8/gems/actionpack-2.3.2/lib/action_controller/vendor/rack-1.0/rack/lock.rb:11:in `call'
D:/Ruby/lib/ruby/gems/1.8/gems/actionpack-2.3.2/lib/action_controller/vendor/rack-1.0/rack/lock.rb:11:in `synchronize'
D:/Ruby/lib/ruby/gems/1.8/gems/actionpack-2.3.2/lib/action_controller/vendor/rack-1.0/rack/lock.rb:11:in `call'
D:/Ruby/lib/ruby/gems/1.8/gems/actionpack-2.3.2/lib/action_controller/dispatcher.rb:106:in `call'
D:/Ruby/lib/ruby/gems/1.8/gems/rails-2.3.2/lib/rails/rack/static.rb:31:in `call'
D:/Ruby/lib/ruby/gems/1.8/gems/actionpack-2.3.2/lib/action_controller/vendor/rack-1.0/rack/urlmap.rb:46:in `call'
D:/Ruby/lib/ruby/gems/1.8/gems/actionpack-2.3.2/lib/action_controller/vendor/rack-1.0/rack/urlmap.rb:40:in `each'
D:/Ruby/lib/ruby/gems/1.8/gems/actionpack-2.3.2/lib/action_controller/vendor/rack-1.0/rack/urlmap.rb:40:in `call'
D:/Ruby/lib/ruby/gems/1.8/gems/rails-2.3.2/lib/rails/rack/log_tailer.rb:17:in `call'
D:/Ruby/lib/ruby/gems/1.8/gems/actionpack-2.3.2/lib/action_controller/vendor/rack-1.0/rack/content_length.rb:13:in `call'
D:/Ruby/lib/ruby/gems/1.8/gems/actionpack-2.3.2/lib/action_controller/vendor/rack-1.0/rack/chunked.rb:15:in `call'
D:/Ruby/lib/ruby/gems/1.8/gems/actionpack-2.3.2/lib/action_controller/vendor/rack-1.0/rack/handler/mongrel.rb:61:in `process'
D:/Ruby/lib/ruby/gems/1.8/gems/mongrel-1.1.5-x86-mswin32-60/lib/mongrel.rb:159:in `process_client'
D:/Ruby/lib/ruby/gems/1.8/gems/mongrel-1.1.5-x86-mswin32-60/lib/mongrel.rb:158:in `each'
D:/Ruby/lib/ruby/gems/1.8/gems/mongrel-1.1.5-x86-mswin32-60/lib/mongrel.rb:158:in `process_client'
D:/Ruby/lib/ruby/gems/1.8/gems/mongrel-1.1.5-x86-mswin32-60/lib/mongrel.rb:285:in `run'
D:/Ruby/lib/ruby/gems/1.8/gems/mongrel-1.1.5-x86-mswin32-60/lib/mongrel.rb:285:in `initialize'
D:/Ruby/lib/ruby/gems/1.8/gems/mongrel-1.1.5-x86-mswin32-60/lib/mongrel.rb:285:in `new'
D:/Ruby/lib/ruby/gems/1.8/gems/mongrel-1.1.5-x86-mswin32-60/lib/mongrel.rb:285:in `run'
D:/Ruby/lib/ruby/gems/1.8/gems/mongrel-1.1.5-x86-mswin32-60/lib/mongrel.rb:268:in `initialize'
D:/Ruby/lib/ruby/gems/1.8/gems/mongrel-1.1.5-x86-mswin32-60/lib/mongrel.rb:268:in `new'
D:/Ruby/lib/ruby/gems/1.8/gems/mongrel-1.1.5-x86-mswin32-60/lib/mongrel.rb:268:in `run'
D:/Ruby/lib/ruby/gems/1.8/gems/actionpack-2.3.2/lib/action_controller/vendor/rack-1.0/rack/handler/mongrel.rb:34:in `run'
D:/Ruby/lib/ruby/gems/1.8/gems/rails-2.3.2/lib/commands/server.rb:111
D:/Ruby/lib/ruby/site_ruby/1.8/rubygems/custom_require.rb:31:in `gem_original_require'
D:/Ruby/lib/ruby/site_ruby/1.8/rubygems/custom_require.rb:31:in `require'
./script/server:3
-e:2:in `load'
-e:2

ActionView::TemplateError (compile error
D:/hig/heroesingreen/app/views/layouts/mission.html.erb:8: syntax error, unexpected ':', expecting ')'
...@output_buffer.concat(( yield: layout).to_s); @output_buffer...
                              ^) on line #8 of app/views/layouts/mission.html.erb:
5: 		<title>Heroes in Green</title>
6: 	</head>
7: 	<body>
8: 		<%= yield: layout%>
9: 	</body>
10: </html>

    app/views/layouts/mission.html.erb:14:in `compile!'
    -e:2:in `load'
    -e:2

Rendered rescues/_trace (97.0ms)
Rendered rescues/_request_and_response (3.0ms)
Rendering rescues/layout (internal_server_error)
  [4;36;1mSQL (0.0ms)[0m   [0;1mSET NAMES 'utf8'[0m
  [4;35;1mSQL (1.0ms)[0m   [0mSET SQL_AUTO_IS_NULL=0[0m


Processing MissionController#index (for 127.0.0.1 at 2009-04-27 21:02:41) [GET]
Rendering template within layouts/mission
Rendering mission/index
Completed in 11ms (View: 9, DB: 1) | 200 OK [http://localhost/mission/]
  [4;36;1mSQL (0.0ms)[0m   [0;1mSET NAMES 'utf8'[0m
  [4;35;1mSQL (0.0ms)[0m   [0mSET SQL_AUTO_IS_NULL=0[0m


Processing MissionController#index (for 127.0.0.1 at 2009-04-27 21:44:34) [GET]
Rendering template within layouts/mission
Rendering mission/index
Completed in 646ms (View: 643, DB: 0) | 200 OK [http://localhost/mission/]
  [4;36;1mSQL (1.0ms)[0m   [0;1mSET NAMES 'utf8'[0m
  [4;35;1mSQL (1.0ms)[0m   [0mSET SQL_AUTO_IS_NULL=0[0m


Processing MissionController#start (for 127.0.0.1 at 2009-04-27 21:44:38) [POST]
  Parameters: {"authenticity_token"=>"tm8bDFgfvhvp8b0d7PUexDGIwdFmSO2OBc0IKQ4gkxQ="}
Rendering template within layouts/mission
Rendering mission/start
Completed in 36ms (View: 7, DB: 2) | 200 OK [http://localhost/mission/start]
  [4;36;1mSQL (1.0ms)[0m   [0;1mSET NAMES 'utf8'[0m
  [4;35;1mSQL (1.0ms)[0m   [0mSET SQL_AUTO_IS_NULL=0[0m


Processing MissionController#index (for 127.0.0.1 at 2009-04-27 21:44:41) [GET]
Rendering template within layouts/mission
Rendering mission/index
Completed in 8ms (View: 5, DB: 2) | 200 OK [http://localhost/mission/]
  [4;36;1mSQL (1.0ms)[0m   [0;1mSET NAMES 'utf8'[0m
  [4;35;1mSQL (4.0ms)[0m   [0mSET SQL_AUTO_IS_NULL=0[0m


Processing MissionController#start (for 127.0.0.1 at 2009-04-27 22:02:11) [POST]
  Parameters: {"authenticity_token"=>"tm8bDFgfvhvp8b0d7PUexDGIwdFmSO2OBc0IKQ4gkxQ="}
Rendering template within layouts/mission
Rendering mission/start
Completed in 5ms (View: 2, DB: 5) | 200 OK [http://localhost/mission/start]
  [4;36;1mSQL (1.0ms)[0m   [0;1mSET NAMES 'utf8'[0m
  [4;35;1mSQL (1.0ms)[0m   [0mSET SQL_AUTO_IS_NULL=0[0m


Processing MissionController#index (for 127.0.0.1 at 2009-04-27 22:42:23) [GET]
Rendering template within layouts/mission
Rendering mission/index
Completed in 62ms (View: 60, DB: 2) | 200 OK [http://localhost/mission/]
  [4;36;1mSQL (1.0ms)[0m   [0;1mSET NAMES 'utf8'[0m
  [4;35;1mSQL (1.0ms)[0m   [0mSET SQL_AUTO_IS_NULL=0[0m


Processing MissionController#start (for 127.0.0.1 at 2009-04-27 22:42:29) [POST]
  Parameters: {"authenticity_token"=>"tm8bDFgfvhvp8b0d7PUexDGIwdFmSO2OBc0IKQ4gkxQ="}
Rendering template within layouts/mission
Rendering mission/start
Completed in 13ms (View: 12, DB: 2) | 200 OK [http://localhost/mission/start]
  [4;36;1mSQL (1.0ms)[0m   [0;1mSET NAMES 'utf8'[0m
  [4;35;1mSQL (1.0ms)[0m   [0mSET SQL_AUTO_IS_NULL=0[0m


Processing MissionController#index (for 127.0.0.1 at 2009-04-27 22:42:31) [GET]
Rendering template within layouts/mission
Rendering mission/index
Completed in 5ms (View: 3, DB: 2) | 200 OK [http://localhost/mission/]
  [4;36;1mSQL (1.0ms)[0m   [0;1mSET NAMES 'utf8'[0m
  [4;35;1mSQL (1.0ms)[0m   [0mSET SQL_AUTO_IS_NULL=0[0m


Processing MissionController#start (for 127.0.0.1 at 2009-04-27 22:42:33) [POST]
  Parameters: {"authenticity_token"=>"tm8bDFgfvhvp8b0d7PUexDGIwdFmSO2OBc0IKQ4gkxQ="}
Rendering template within layouts/mission
Rendering mission/start
Completed in 7ms (View: 5, DB: 2) | 200 OK [http://localhost/mission/start]
  [4;36;1mSQL (0.0ms)[0m   [0;1mSET NAMES 'utf8'[0m
  [4;35;1mSQL (1.0ms)[0m   [0mSET SQL_AUTO_IS_NULL=0[0m


Processing MissionController#index (for 127.0.0.1 at 2009-04-27 23:01:31) [GET]
Rendering template within layouts/mission
Rendering mission/index
Completed in 8ms (View: 5, DB: 1) | 200 OK [http://localhost/mission/]
  [4;36;1mSQL (2.0ms)[0m   [0;1mSET NAMES 'utf8'[0m
  [4;35;1mSQL (1.0ms)[0m   [0mSET SQL_AUTO_IS_NULL=0[0m


Processing MissionController#start (for 127.0.0.1 at 2009-04-27 23:01:35) [POST]
  Parameters: {"authenticity_token"=>"tm8bDFgfvhvp8b0d7PUexDGIwdFmSO2OBc0IKQ4gkxQ="}
Rendering template within layouts/mission
Rendering mission/start

ActionView::TemplateError (uninitialized constant ActionView::Base::CompiledTemplates::Order) on line #12 of app/views/mission/start.html.erb:
9:        <p>
10:         <%=
11:           form.select :paytype,
12:                        Order::PAYMENT_TYPES, 
13:                       :prompt => "Select number of bulbs"
14:         %>
15:       </p>

    app/views/mission/start.html.erb:12
    app/views/mission/start.html.erb:8
    -e:2:in `load'
    -e:2

Rendered rescues/_trace (84.0ms)
Rendered rescues/_request_and_response (0.0ms)
Rendering rescues/layout (internal_server_error)
  [4;36;1mSQL (2.0ms)[0m   [0;1mSET NAMES 'utf8'[0m
  [4;35;1mSQL (2.0ms)[0m   [0mSET SQL_AUTO_IS_NULL=0[0m


Processing MissionController#start (for 127.0.0.1 at 2009-04-27 23:02:17) [POST]
  Parameters: {"authenticity_token"=>"tm8bDFgfvhvp8b0d7PUexDGIwdFmSO2OBc0IKQ4gkxQ="}
Rendering template within layouts/mission
Rendering mission/start
ERROR: compiling _run_erb_app47views47mission47start46html46erb RAISED compile error
D:/hig/heroesingreen/app/views/mission/start.html.erb:11: syntax error, unexpected '\n', expecting tCOLON2 or '[' or '.'
D:/hig/heroesingreen/app/views/mission/start.html.erb:12: dynamic constant assignment
                       Order::PAYMENT_TYPES, 
                                            ^
D:/hig/heroesingreen/app/views/mission/start.html.erb:13: syntax error, unexpected tASSOC, expecting tCOLON2 or '[' or '.'
                      :prompt => "Select number of bulbs"
                                ^
Function body:           def _run_erb_app47views47mission47start46html46erb(local_assigns)
            old_output_buffer = output_buffer;;@output_buffer = '';  __in_erb_template=true ; @output_buffer.concat "<div>Your first heroic mission:</div>\n"
@output_buffer.concat "<div>\n"
@output_buffer.concat "\tGet up and walk around your living space. Wherever you find a light on (and nobody is in the room), turn it off.<br/>\n"
@output_buffer.concat "\tWherever you find a thermostat, turn it down just one degree.\n"
@output_buffer.concat "</div>\n"
@output_buffer.concat "<div>\n"
@output_buffer.concat "\tWhen you get back, tell us how many lights you found to turn down, and how many thermostats you lowered.\n"
@output_buffer.concat "\t";  form_for :mission, :url => { :action => :do_mission } do |form| ; @output_buffer.concat "\n"
@output_buffer.concat "       <p>\n"
@output_buffer.concat "        "; @output_buffer.concat((
          form.select ,["1 light bulb"]
                       Order::PAYMENT_TYPES, 
                      :prompt => "Select number of bulbs"
        ).to_s); @output_buffer.concat "\n"
@output_buffer.concat "      </p>\n"
@output_buffer.concat "    \n"
@output_buffer.concat "      "; @output_buffer.concat(( submit_tag "Mission Accomplished", :class => "submit" ).to_s); @output_buffer.concat "\n"
@output_buffer.concat "    ";  end ; @output_buffer.concat "  \n"
@output_buffer.concat "</div>"; @output_buffer
          ensure
            self.output_buffer = old_output_buffer
          end
Backtrace: D:/hig/heroesingreen/app/views/mission/start.html.erb:22:in `compile!'
D:/Ruby/lib/ruby/gems/1.8/gems/actionpack-2.3.2/lib/action_view/renderable.rb:61:in `compile'
D:/Ruby/lib/ruby/gems/1.8/gems/actionpack-2.3.2/lib/action_view/renderable.rb:28:in `render'
D:/Ruby/lib/ruby/gems/1.8/gems/actionpack-2.3.2/lib/action_view/template.rb:194:in `render_template'
D:/Ruby/lib/ruby/gems/1.8/gems/actionpack-2.3.2/lib/action_view/base.rb:260:in `render'
D:/Ruby/lib/ruby/gems/1.8/gems/actionpack-2.3.2/lib/action_view/base.rb:343:in `_render_with_layout'
D:/Ruby/lib/ruby/gems/1.8/gems/actionpack-2.3.2/lib/action_view/base.rb:257:in `render'
D:/Ruby/lib/ruby/gems/1.8/gems/actionpack-2.3.2/lib/action_controller/base.rb:1241:in `render_for_file'
D:/Ruby/lib/ruby/gems/1.8/gems/actionpack-2.3.2/lib/action_controller/base.rb:937:in `render_without_benchmark'
D:/Ruby/lib/ruby/gems/1.8/gems/actionpack-2.3.2/lib/action_controller/benchmarking.rb:51:in `render'
D:/Ruby/lib/ruby/gems/1.8/gems/activesupport-2.3.2/lib/active_support/core_ext/benchmark.rb:17:in `ms'
D:/Ruby/lib/ruby/gems/1.8/gems/activesupport-2.3.2/lib/active_support/core_ext/benchmark.rb:10:in `realtime'
D:/Ruby/lib/ruby/gems/1.8/gems/activesupport-2.3.2/lib/active_support/core_ext/benchmark.rb:17:in `ms'
D:/Ruby/lib/ruby/gems/1.8/gems/actionpack-2.3.2/lib/action_controller/benchmarking.rb:51:in `render'
D:/Ruby/lib/ruby/gems/1.8/gems/actionpack-2.3.2/lib/action_controller/base.rb:1317:in `default_render'
D:/Ruby/lib/ruby/gems/1.8/gems/actionpack-2.3.2/lib/action_controller/base.rb:1323:in `perform_action_without_filters'
D:/Ruby/lib/ruby/gems/1.8/gems/actionpack-2.3.2/lib/action_controller/filters.rb:617:in `call_filters'
D:/Ruby/lib/ruby/gems/1.8/gems/actionpack-2.3.2/lib/action_controller/filters.rb:610:in `perform_action_without_benchmark'
D:/Ruby/lib/ruby/gems/1.8/gems/actionpack-2.3.2/lib/action_controller/benchmarking.rb:68:in `perform_action_without_rescue'
D:/Ruby/lib/ruby/gems/1.8/gems/activesupport-2.3.2/lib/active_support/core_ext/benchmark.rb:17:in `ms'
D:/Ruby/lib/ruby/gems/1.8/gems/activesupport-2.3.2/lib/active_support/core_ext/benchmark.rb:10:in `realtime'
D:/Ruby/lib/ruby/gems/1.8/gems/activesupport-2.3.2/lib/active_support/core_ext/benchmark.rb:17:in `ms'
D:/Ruby/lib/ruby/gems/1.8/gems/actionpack-2.3.2/lib/action_controller/benchmarking.rb:68:in `perform_action_without_rescue'
D:/Ruby/lib/ruby/gems/1.8/gems/actionpack-2.3.2/lib/action_controller/rescue.rb:160:in `perform_action_without_flash'
D:/Ruby/lib/ruby/gems/1.8/gems/actionpack-2.3.2/lib/action_controller/flash.rb:141:in `perform_action'
D:/Ruby/lib/ruby/gems/1.8/gems/actionpack-2.3.2/lib/action_controller/base.rb:523:in `send'
D:/Ruby/lib/ruby/gems/1.8/gems/actionpack-2.3.2/lib/action_controller/base.rb:523:in `process_without_filters'
D:/Ruby/lib/ruby/gems/1.8/gems/actionpack-2.3.2/lib/action_controller/filters.rb:606:in `process'
D:/Ruby/lib/ruby/gems/1.8/gems/actionpack-2.3.2/lib/action_controller/base.rb:391:in `process'
D:/Ruby/lib/ruby/gems/1.8/gems/actionpack-2.3.2/lib/action_controller/base.rb:386:in `call'
D:/Ruby/lib/ruby/gems/1.8/gems/actionpack-2.3.2/lib/action_controller/routing/route_set.rb:433:in `call'
D:/Ruby/lib/ruby/gems/1.8/gems/actionpack-2.3.2/lib/action_controller/dispatcher.rb:88:in `dispatch'
D:/Ruby/lib/ruby/gems/1.8/gems/actionpack-2.3.2/lib/action_controller/dispatcher.rb:111:in `_call'
D:/Ruby/lib/ruby/gems/1.8/gems/actionpack-2.3.2/lib/action_controller/dispatcher.rb:82:in `initialize'
D:/Ruby/lib/ruby/gems/1.8/gems/activerecord-2.3.2/lib/active_record/query_cache.rb:29:in `call'
D:/Ruby/lib/ruby/gems/1.8/gems/activerecord-2.3.2/lib/active_record/query_cache.rb:29:in `call'
D:/Ruby/lib/ruby/gems/1.8/gems/activerecord-2.3.2/lib/active_record/connection_adapters/abstract/query_cache.rb:34:in `cache'
D:/Ruby/lib/ruby/gems/1.8/gems/activerecord-2.3.2/lib/active_record/query_cache.rb:9:in `cache'
D:/Ruby/lib/ruby/gems/1.8/gems/activerecord-2.3.2/lib/active_record/query_cache.rb:28:in `call'
D:/Ruby/lib/ruby/gems/1.8/gems/activerecord-2.3.2/lib/active_record/connection_adapters/abstract/connection_pool.rb:361:in `call'
D:/Ruby/lib/ruby/gems/1.8/gems/actionpack-2.3.2/lib/action_controller/vendor/rack-1.0/rack/head.rb:9:in `call'
D:/Ruby/lib/ruby/gems/1.8/gems/actionpack-2.3.2/lib/action_controller/vendor/rack-1.0/rack/methodoverride.rb:24:in `call'
D:/Ruby/lib/ruby/gems/1.8/gems/actionpack-2.3.2/lib/action_controller/params_parser.rb:15:in `call'
D:/Ruby/lib/ruby/gems/1.8/gems/actionpack-2.3.2/lib/action_controller/rewindable_input.rb:25:in `call'
D:/Ruby/lib/ruby/gems/1.8/gems/actionpack-2.3.2/lib/action_controller/session/cookie_store.rb:93:in `call'
D:/Ruby/lib/ruby/gems/1.8/gems/actionpack-2.3.2/lib/action_controller/reloader.rb:9:in `call'
D:/Ruby/lib/ruby/gems/1.8/gems/actionpack-2.3.2/lib/action_controller/failsafe.rb:11:in `call'
D:/Ruby/lib/ruby/gems/1.8/gems/actionpack-2.3.2/lib/action_controller/vendor/rack-1.0/rack/lock.rb:11:in `call'
D:/Ruby/lib/ruby/gems/1.8/gems/actionpack-2.3.2/lib/action_controller/vendor/rack-1.0/rack/lock.rb:11:in `synchronize'
D:/Ruby/lib/ruby/gems/1.8/gems/actionpack-2.3.2/lib/action_controller/vendor/rack-1.0/rack/lock.rb:11:in `call'
D:/Ruby/lib/ruby/gems/1.8/gems/actionpack-2.3.2/lib/action_controller/dispatcher.rb:106:in `call'
D:/Ruby/lib/ruby/gems/1.8/gems/rails-2.3.2/lib/rails/rack/static.rb:31:in `call'
D:/Ruby/lib/ruby/gems/1.8/gems/actionpack-2.3.2/lib/action_controller/vendor/rack-1.0/rack/urlmap.rb:46:in `call'
D:/Ruby/lib/ruby/gems/1.8/gems/actionpack-2.3.2/lib/action_controller/vendor/rack-1.0/rack/urlmap.rb:40:in `each'
D:/Ruby/lib/ruby/gems/1.8/gems/actionpack-2.3.2/lib/action_controller/vendor/rack-1.0/rack/urlmap.rb:40:in `call'
D:/Ruby/lib/ruby/gems/1.8/gems/rails-2.3.2/lib/rails/rack/log_tailer.rb:17:in `call'
D:/Ruby/lib/ruby/gems/1.8/gems/actionpack-2.3.2/lib/action_controller/vendor/rack-1.0/rack/content_length.rb:13:in `call'
D:/Ruby/lib/ruby/gems/1.8/gems/actionpack-2.3.2/lib/action_controller/vendor/rack-1.0/rack/chunked.rb:15:in `call'
D:/Ruby/lib/ruby/gems/1.8/gems/actionpack-2.3.2/lib/action_controller/vendor/rack-1.0/rack/handler/mongrel.rb:61:in `process'
D:/Ruby/lib/ruby/gems/1.8/gems/mongrel-1.1.5-x86-mswin32-60/lib/mongrel.rb:159:in `process_client'
D:/Ruby/lib/ruby/gems/1.8/gems/mongrel-1.1.5-x86-mswin32-60/lib/mongrel.rb:158:in `each'
D:/Ruby/lib/ruby/gems/1.8/gems/mongrel-1.1.5-x86-mswin32-60/lib/mongrel.rb:158:in `process_client'
D:/Ruby/lib/ruby/gems/1.8/gems/mongrel-1.1.5-x86-mswin32-60/lib/mongrel.rb:285:in `run'
D:/Ruby/lib/ruby/gems/1.8/gems/mongrel-1.1.5-x86-mswin32-60/lib/mongrel.rb:285:in `initialize'
D:/Ruby/lib/ruby/gems/1.8/gems/mongrel-1.1.5-x86-mswin32-60/lib/mongrel.rb:285:in `new'
D:/Ruby/lib/ruby/gems/1.8/gems/mongrel-1.1.5-x86-mswin32-60/lib/mongrel.rb:285:in `run'
D:/Ruby/lib/ruby/gems/1.8/gems/mongrel-1.1.5-x86-mswin32-60/lib/mongrel.rb:268:in `initialize'
D:/Ruby/lib/ruby/gems/1.8/gems/mongrel-1.1.5-x86-mswin32-60/lib/mongrel.rb:268:in `new'
D:/Ruby/lib/ruby/gems/1.8/gems/mongrel-1.1.5-x86-mswin32-60/lib/mongrel.rb:268:in `run'
D:/Ruby/lib/ruby/gems/1.8/gems/actionpack-2.3.2/lib/action_controller/vendor/rack-1.0/rack/handler/mongrel.rb:34:in `run'
D:/Ruby/lib/ruby/gems/1.8/gems/rails-2.3.2/lib/commands/server.rb:111
D:/Ruby/lib/ruby/site_ruby/1.8/rubygems/custom_require.rb:31:in `gem_original_require'
D:/Ruby/lib/ruby/site_ruby/1.8/rubygems/custom_require.rb:31:in `require'
./script/server:3
-e:2:in `load'
-e:2

ActionView::TemplateError (compile error
D:/hig/heroesingreen/app/views/mission/start.html.erb:11: syntax error, unexpected '\n', expecting tCOLON2 or '[' or '.'
D:/hig/heroesingreen/app/views/mission/start.html.erb:12: dynamic constant assignment
                       Order::PAYMENT_TYPES, 
                                            ^
D:/hig/heroesingreen/app/views/mission/start.html.erb:13: syntax error, unexpected tASSOC, expecting tCOLON2 or '[' or '.'
                      :prompt => "Select number of bulbs"
                                ^) on line #11 of app/views/mission/start.html.erb:
8: 	<% form_for :mission, :url => { :action => :do_mission } do |form| %>
9:        <p>
10:         <%=
11:           form.select ,["1 light bulb"]
12:                        Order::PAYMENT_TYPES, 
13:                       :prompt => "Select number of bulbs"
14:         %>

    app/views/mission/start.html.erb:22:in `compile!'
    -e:2:in `load'
    -e:2

Rendered rescues/_trace (96.0ms)
Rendered rescues/_request_and_response (0.0ms)
Rendering rescues/layout (internal_server_error)
